<?xml version="1.0" encoding="UTF-8"?>
<!-- Generated by org.testng.reporters.JUnitReportReporter -->
<testsuite skipped="0" hostname="HMECL002132" name="com.w2a.zoho.rough.AbsractB" tests="1" failures="0" timestamp="04 Jul 2019 17:13:01 GMT" time="0.013" errors="0">
  <testcase name="start" time="0.013" classname="com.w2a.zoho.rough.AbsractB"/>
</testsuite> <!-- com.w2a.zoho.rough.AbsractB -->
