<?xml version="1.0" encoding="UTF-8"?>
<!-- Generated by org.testng.reporters.JUnitReportReporter -->
<testsuite skipped="0" hostname="HMECL002132" name="com.w2a.zoho.ExtentListeners.A" tests="1" failures="0" timestamp="03 Jul 2019 13:35:07 GMT" time="0.033" errors="0">
  <testcase name="main" time="0.033" classname="com.w2a.zoho.ExtentListeners.A"/>
</testsuite> <!-- com.w2a.zoho.ExtentListeners.A -->
